[8660:29044:1229/124238.307:WARNING:chrome_main_delegate.cc(745)] This is Chrome version 128.0.6613.138 (not a warning)
[8660:16188:1229/124238.386:ERROR:google_update_settings.cc(265)] Failed opening key Software\Chromium to set usagestats; result: 5
[8660:29044:1229/124238.429:WARNING:account_consistency_mode_manager.cc(77)] Desktop Identity Consistency cannot be enabled as no OAuth client ID and client secret have been configured.
[8660:20572:1229/124245.700:ERROR:cast_crl.cc(443)] CRL - Verification failed.
[8660:29044:1229/124441.222:ERROR:device_event_log_impl.cc(196)] [12:44:41.117] USB: usb_service_win.cc:105 SetupDiGetDeviceProperty({{A45C254E-DF1C-4EFD-8020-67D146A850E0}, 6}) failed: Element not found. (0x490)
[8660:29044:1229/125439.888:ERROR:device_event_log_impl.cc(196)] [12:54:39.610] USB: usb_service_win.cc:105 SetupDiGetDeviceProperty({{A45C254E-DF1C-4EFD-8020-67D146A850E0}, 6}) failed: Element not found. (0x490)
[8660:29044:1229/130439.604:ERROR:device_event_log_impl.cc(196)] [13:04:39.320] USB: usb_service_win.cc:105 SetupDiGetDeviceProperty({{A45C254E-DF1C-4EFD-8020-67D146A850E0}, 6}) failed: Element not found. (0x490)
[8660:29044:1229/131439.008:ERROR:device_event_log_impl.cc(196)] [13:14:39.002] USB: usb_service_win.cc:105 SetupDiGetDeviceProperty({{A45C254E-DF1C-4EFD-8020-67D146A850E0}, 6}) failed: Element not found. (0x490)
[8660:29044:1229/132438.721:ERROR:device_event_log_impl.cc(196)] [13:24:38.715] USB: usb_service_win.cc:105 SetupDiGetDeviceProperty({{A45C254E-DF1C-4EFD-8020-67D146A850E0}, 6}) failed: Element not found. (0x490)
[8660:29044:1229/133438.600:ERROR:device_event_log_impl.cc(196)] [13:34:38.329] USB: usb_service_win.cc:105 SetupDiGetDeviceProperty({{A45C254E-DF1C-4EFD-8020-67D146A850E0}, 6}) failed: Element not found. (0x490)
[8660:29044:1229/134438.179:ERROR:device_event_log_impl.cc(196)] [13:44:38.091] USB: usb_service_win.cc:105 SetupDiGetDeviceProperty({{A45C254E-DF1C-4EFD-8020-67D146A850E0}, 6}) failed: Element not found. (0x490)
[8660:29044:1229/135437.600:ERROR:device_event_log_impl.cc(196)] [13:54:37.521] USB: usb_service_win.cc:105 SetupDiGetDeviceProperty({{A45C254E-DF1C-4EFD-8020-67D146A850E0}, 6}) failed: Element not found. (0x490)
[8660:29044:1229/140437.055:ERROR:device_event_log_impl.cc(196)] [14:04:36.960] USB: usb_service_win.cc:105 SetupDiGetDeviceProperty({{A45C254E-DF1C-4EFD-8020-67D146A850E0}, 6}) failed: Element not found. (0x490)
[8660:29044:1229/141436.437:ERROR:device_event_log_impl.cc(196)] [14:14:36.405] USB: usb_service_win.cc:105 SetupDiGetDeviceProperty({{A45C254E-DF1C-4EFD-8020-67D146A850E0}, 6}) failed: Element not found. (0x490)
[8660:29044:1229/142435.917:ERROR:device_event_log_impl.cc(196)] [14:24:35.886] USB: usb_service_win.cc:105 SetupDiGetDeviceProperty({{A45C254E-DF1C-4EFD-8020-67D146A850E0}, 6}) failed: Element not found. (0x490)
[8660:29044:1229/143134.573:ERROR:device_event_log_impl.cc(196)] [14:31:34.565] USB: usb_service_win.cc:105 SetupDiGetDeviceProperty({{A45C254E-DF1C-4EFD-8020-67D146A850E0}, 6}) failed: Element not found. (0x490)
[8660:29044:1229/143435.259:ERROR:device_event_log_impl.cc(196)] [14:34:35.099] USB: usb_service_win.cc:105 SetupDiGetDeviceProperty({{A45C254E-DF1C-4EFD-8020-67D146A850E0}, 6}) failed: Element not found. (0x490)
[8660:29044:1229/144434.630:ERROR:device_event_log_impl.cc(196)] [14:44:34.589] USB: usb_service_win.cc:105 SetupDiGetDeviceProperty({{A45C254E-DF1C-4EFD-8020-67D146A850E0}, 6}) failed: Element not found. (0x490)
[8660:29044:1229/145434.329:ERROR:device_event_log_impl.cc(196)] [14:54:34.112] USB: usb_service_win.cc:105 SetupDiGetDeviceProperty({{A45C254E-DF1C-4EFD-8020-67D146A850E0}, 6}) failed: Element not found. (0x490)
[8660:29044:1229/150433.746:ERROR:device_event_log_impl.cc(196)] [15:04:33.661] USB: usb_service_win.cc:105 SetupDiGetDeviceProperty({{A45C254E-DF1C-4EFD-8020-67D146A850E0}, 6}) failed: Element not found. (0x490)
[8660:29044:1229/151433.448:ERROR:device_event_log_impl.cc(196)] [15:14:33.245] USB: usb_service_win.cc:105 SetupDiGetDeviceProperty({{A45C254E-DF1C-4EFD-8020-67D146A850E0}, 6}) failed: Element not found. (0x490)
[8660:29044:1229/152433.152:ERROR:device_event_log_impl.cc(196)] [15:24:32.832] USB: usb_service_win.cc:105 SetupDiGetDeviceProperty({{A45C254E-DF1C-4EFD-8020-67D146A850E0}, 6}) failed: Element not found. (0x490)
[8660:29044:1229/153432.522:ERROR:device_event_log_impl.cc(196)] [15:34:32.478] USB: usb_service_win.cc:105 SetupDiGetDeviceProperty({{A45C254E-DF1C-4EFD-8020-67D146A850E0}, 6}) failed: Element not found. (0x490)
[8660:29044:1229/154432.226:ERROR:device_event_log_impl.cc(196)] [15:44:32.127] USB: usb_service_win.cc:105 SetupDiGetDeviceProperty({{A45C254E-DF1C-4EFD-8020-67D146A850E0}, 6}) failed: Element not found. (0x490)
[8660:29044:1229/155431.932:ERROR:device_event_log_impl.cc(196)] [15:54:31.775] USB: usb_service_win.cc:105 SetupDiGetDeviceProperty({{A45C254E-DF1C-4EFD-8020-67D146A850E0}, 6}) failed: Element not found. (0x490)
[8660:29044:1229/160431.636:ERROR:device_event_log_impl.cc(196)] [16:04:31.391] USB: usb_service_win.cc:105 SetupDiGetDeviceProperty({{A45C254E-DF1C-4EFD-8020-67D146A850E0}, 6}) failed: Element not found. (0x490)
[8660:29044:1229/161431.264:ERROR:device_event_log_impl.cc(196)] [16:14:31.164] USB: usb_service_win.cc:105 SetupDiGetDeviceProperty({{A45C254E-DF1C-4EFD-8020-67D146A850E0}, 6}) failed: Element not found. (0x490)
[8660:29044:1229/161827.794:ERROR:device_event_log_impl.cc(196)] [16:18:27.656] USB: usb_service_win.cc:105 SetupDiGetDeviceProperty({{A45C254E-DF1C-4EFD-8020-67D146A850E0}, 6}) failed: Element not found. (0x490)
[8660:29044:1229/162430.480:ERROR:device_event_log_impl.cc(196)] [16:24:30.400] USB: usb_service_win.cc:105 SetupDiGetDeviceProperty({{A45C254E-DF1C-4EFD-8020-67D146A850E0}, 6}) failed: Element not found. (0x490)
[8660:29044:1229/163430.063:ERROR:device_event_log_impl.cc(196)] [16:34:30.054] USB: usb_service_win.cc:105 SetupDiGetDeviceProperty({{A45C254E-DF1C-4EFD-8020-67D146A850E0}, 6}) failed: Element not found. (0x490)
[8660:29044:1229/164151.828:ERROR:device_event_log_impl.cc(196)] [16:41:51.820] USB: usb_service_win.cc:105 SetupDiGetDeviceProperty({{A45C254E-DF1C-4EFD-8020-67D146A850E0}, 6}) failed: Element not found. (0x490)
[8660:29044:1229/164153.161:ERROR:device_event_log_impl.cc(196)] [16:41:53.131] USB: usb_service_win.cc:105 SetupDiGetDeviceProperty({{A45C254E-DF1C-4EFD-8020-67D146A850E0}, 6}) failed: Element not found. (0x490)
[8660:29044:1229/164430.172:ERROR:device_event_log_impl.cc(196)] [16:44:30.083] USB: usb_service_win.cc:105 SetupDiGetDeviceProperty({{A45C254E-DF1C-4EFD-8020-67D146A850E0}, 6}) failed: Element not found. (0x490)
[8660:29044:1229/165430.051:ERROR:device_event_log_impl.cc(196)] [16:54:29.858] USB: usb_service_win.cc:105 SetupDiGetDeviceProperty({{A45C254E-DF1C-4EFD-8020-67D146A850E0}, 6}) failed: Element not found. (0x490)
[8660:29044:1229/170429.752:ERROR:device_event_log_impl.cc(196)] [17:04:29.474] USB: usb_service_win.cc:105 SetupDiGetDeviceProperty({{A45C254E-DF1C-4EFD-8020-67D146A850E0}, 6}) failed: Element not found. (0x490)
[8660:29044:1229/171429.131:ERROR:device_event_log_impl.cc(196)] [17:14:29.058] USB: usb_service_win.cc:105 SetupDiGetDeviceProperty({{A45C254E-DF1C-4EFD-8020-67D146A850E0}, 6}) failed: Element not found. (0x490)
[8660:29044:1229/172428.852:ERROR:device_event_log_impl.cc(196)] [17:24:28.611] USB: usb_service_win.cc:105 SetupDiGetDeviceProperty({{A45C254E-DF1C-4EFD-8020-67D146A850E0}, 6}) failed: Element not found. (0x490)
[8660:29044:1229/173428.227:ERROR:device_event_log_impl.cc(196)] [17:34:28.196] USB: usb_service_win.cc:105 SetupDiGetDeviceProperty({{A45C254E-DF1C-4EFD-8020-67D146A850E0}, 6}) failed: Element not found. (0x490)
[8660:29044:1229/174427.799:ERROR:device_event_log_impl.cc(196)] [17:44:27.784] USB: usb_service_win.cc:105 SetupDiGetDeviceProperty({{A45C254E-DF1C-4EFD-8020-67D146A850E0}, 6}) failed: Element not found. (0x490)
[8660:29044:1229/175427.932:ERROR:device_event_log_impl.cc(196)] [17:54:27.623] USB: usb_service_win.cc:105 SetupDiGetDeviceProperty({{A45C254E-DF1C-4EFD-8020-67D146A850E0}, 6}) failed: Element not found. (0x490)
[8660:29044:1229/180427.792:ERROR:device_event_log_impl.cc(196)] [18:04:27.718] USB: usb_service_win.cc:105 SetupDiGetDeviceProperty({{A45C254E-DF1C-4EFD-8020-67D146A850E0}, 6}) failed: Element not found. (0x490)
[8660:29044:1229/181427.821:ERROR:device_event_log_impl.cc(196)] [18:14:27.528] USB: usb_service_win.cc:105 SetupDiGetDeviceProperty({{A45C254E-DF1C-4EFD-8020-67D146A850E0}, 6}) failed: Element not found. (0x490)
[8660:29044:1229/182427.195:ERROR:device_event_log_impl.cc(196)] [18:24:27.142] USB: usb_service_win.cc:105 SetupDiGetDeviceProperty({{A45C254E-DF1C-4EFD-8020-67D146A850E0}, 6}) failed: Element not found. (0x490)
[8660:29044:1229/183427.243:ERROR:device_event_log_impl.cc(196)] [18:34:26.920] USB: usb_service_win.cc:105 SetupDiGetDeviceProperty({{A45C254E-DF1C-4EFD-8020-67D146A850E0}, 6}) failed: Element not found. (0x490)
[8660:29044:1229/184427.001:ERROR:device_event_log_impl.cc(196)] [18:44:26.989] USB: usb_service_win.cc:105 SetupDiGetDeviceProperty({{A45C254E-DF1C-4EFD-8020-67D146A850E0}, 6}) failed: Element not found. (0x490)
[8660:29044:1229/185427.188:ERROR:device_event_log_impl.cc(196)] [18:54:27.180] USB: usb_service_win.cc:105 SetupDiGetDeviceProperty({{A45C254E-DF1C-4EFD-8020-67D146A850E0}, 6}) failed: Element not found. (0x490)
[8660:29044:1229/185636.614:ERROR:device_event_log_impl.cc(196)] [18:56:36.341] USB: usb_service_win.cc:105 SetupDiGetDeviceProperty({{A45C254E-DF1C-4EFD-8020-67D146A850E0}, 6}) failed: Element not found. (0x490)
[8660:29044:1229/190427.487:ERROR:device_event_log_impl.cc(196)] [19:04:27.375] USB: usb_service_win.cc:105 SetupDiGetDeviceProperty({{A45C254E-DF1C-4EFD-8020-67D146A850E0}, 6}) failed: Element not found. (0x490)
[8660:29044:1229/191427.553:ERROR:device_event_log_impl.cc(196)] [19:14:27.538] USB: usb_service_win.cc:105 SetupDiGetDeviceProperty({{A45C254E-DF1C-4EFD-8020-67D146A850E0}, 6}) failed: Element not found. (0x490)
[8660:29044:1229/192427.549:ERROR:device_event_log_impl.cc(196)] [19:24:27.536] USB: usb_service_win.cc:105 SetupDiGetDeviceProperty({{A45C254E-DF1C-4EFD-8020-67D146A850E0}, 6}) failed: Element not found. (0x490)
[8660:29044:1229/193427.735:ERROR:device_event_log_impl.cc(196)] [19:34:27.593] USB: usb_service_win.cc:105 SetupDiGetDeviceProperty({{A45C254E-DF1C-4EFD-8020-67D146A850E0}, 6}) failed: Element not found. (0x490)
[8660:29044:1229/194427.478:ERROR:device_event_log_impl.cc(196)] [19:44:27.338] USB: usb_service_win.cc:105 SetupDiGetDeviceProperty({{A45C254E-DF1C-4EFD-8020-67D146A850E0}, 6}) failed: Element not found. (0x490)
[8660:29044:1229/195219.468:ERROR:device_event_log_impl.cc(196)] [19:52:19.338] USB: usb_service_win.cc:105 SetupDiGetDeviceProperty({{A45C254E-DF1C-4EFD-8020-67D146A850E0}, 6}) failed: Element not found. (0x490)
[8660:29044:1229/195426.935:ERROR:device_event_log_impl.cc(196)] [19:54:26.924] USB: usb_service_win.cc:105 SetupDiGetDeviceProperty({{A45C254E-DF1C-4EFD-8020-67D146A850E0}, 6}) failed: Element not found. (0x490)
[8660:29044:1229/200426.814:ERROR:device_event_log_impl.cc(196)] [20:04:26.800] USB: usb_service_win.cc:105 SetupDiGetDeviceProperty({{A45C254E-DF1C-4EFD-8020-67D146A850E0}, 6}) failed: Element not found. (0x490)
[8660:29044:1229/201426.968:ERROR:device_event_log_impl.cc(196)] [20:14:26.959] USB: usb_service_win.cc:105 SetupDiGetDeviceProperty({{A45C254E-DF1C-4EFD-8020-67D146A850E0}, 6}) failed: Element not found. (0x490)
[8660:29044:1229/202426.972:ERROR:device_event_log_impl.cc(196)] [20:24:26.961] USB: usb_service_win.cc:105 SetupDiGetDeviceProperty({{A45C254E-DF1C-4EFD-8020-67D146A850E0}, 6}) failed: Element not found. (0x490)
[8660:29044:1229/203427.148:ERROR:device_event_log_impl.cc(196)] [20:34:27.084] USB: usb_service_win.cc:105 SetupDiGetDeviceProperty({{A45C254E-DF1C-4EFD-8020-67D146A850E0}, 6}) failed: Element not found. (0x490)
[8660:29044:1229/204427.107:ERROR:device_event_log_impl.cc(196)] [20:44:27.045] USB: usb_service_win.cc:105 SetupDiGetDeviceProperty({{A45C254E-DF1C-4EFD-8020-67D146A850E0}, 6}) failed: Element not found. (0x490)
[8660:29044:1229/205426.659:ERROR:device_event_log_impl.cc(196)] [20:54:26.563] USB: usb_service_win.cc:105 SetupDiGetDeviceProperty({{A45C254E-DF1C-4EFD-8020-67D146A850E0}, 6}) failed: Element not found. (0x490)
[8660:29044:1229/205953.513:ERROR:device_event_log_impl.cc(196)] [20:59:53.497] USB: usb_service_win.cc:105 SetupDiGetDeviceProperty({{A45C254E-DF1C-4EFD-8020-67D146A850E0}, 6}) failed: Element not found. (0x490)
[8660:29044:1229/210425.857:ERROR:device_event_log_impl.cc(196)] [21:04:25.741] USB: usb_service_win.cc:105 SetupDiGetDeviceProperty({{A45C254E-DF1C-4EFD-8020-67D146A850E0}, 6}) failed: Element not found. (0x490)
[8660:29044:1229/211425.426:ERROR:device_event_log_impl.cc(196)] [21:14:25.262] USB: usb_service_win.cc:105 SetupDiGetDeviceProperty({{A45C254E-DF1C-4EFD-8020-67D146A850E0}, 6}) failed: Element not found. (0x490)
[8660:29044:1229/212425.025:ERROR:device_event_log_impl.cc(196)] [21:24:24.965] USB: usb_service_win.cc:105 SetupDiGetDeviceProperty({{A45C254E-DF1C-4EFD-8020-67D146A850E0}, 6}) failed: Element not found. (0x490)
[8660:29044:1229/213424.597:ERROR:device_event_log_impl.cc(196)] [21:34:24.498] USB: usb_service_win.cc:105 SetupDiGetDeviceProperty({{A45C254E-DF1C-4EFD-8020-67D146A850E0}, 6}) failed: Element not found. (0x490)
[8660:29044:1229/214424.088:ERROR:device_event_log_impl.cc(196)] [21:44:24.012] USB: usb_service_win.cc:105 SetupDiGetDeviceProperty({{A45C254E-DF1C-4EFD-8020-67D146A850E0}, 6}) failed: Element not found. (0x490)
[8660:29044:1229/215339.131:ERROR:device_event_log_impl.cc(196)] [21:53:39.046] USB: usb_service_win.cc:105 SetupDiGetDeviceProperty({{A45C254E-DF1C-4EFD-8020-67D146A850E0}, 6}) failed: Element not found. (0x490)
[8660:29044:1229/215423.534:ERROR:device_event_log_impl.cc(196)] [21:54:23.472] USB: usb_service_win.cc:105 SetupDiGetDeviceProperty({{A45C254E-DF1C-4EFD-8020-67D146A850E0}, 6}) failed: Element not found. (0x490)
[8660:29044:1229/220423.074:ERROR:device_event_log_impl.cc(196)] [22:04:22.966] USB: usb_service_win.cc:105 SetupDiGetDeviceProperty({{A45C254E-DF1C-4EFD-8020-67D146A850E0}, 6}) failed: Element not found. (0x490)
[8660:29044:1229/221422.551:ERROR:device_event_log_impl.cc(196)] [22:14:22.438] USB: usb_service_win.cc:105 SetupDiGetDeviceProperty({{A45C254E-DF1C-4EFD-8020-67D146A850E0}, 6}) failed: Element not found. (0x490)
[8660:29044:1229/222422.041:ERROR:device_event_log_impl.cc(196)] [22:24:21.942] USB: usb_service_win.cc:105 SetupDiGetDeviceProperty({{A45C254E-DF1C-4EFD-8020-67D146A850E0}, 6}) failed: Element not found. (0x490)
[8660:29044:1229/223421.500:ERROR:device_event_log_impl.cc(196)] [22:34:21.416] USB: usb_service_win.cc:105 SetupDiGetDeviceProperty({{A45C254E-DF1C-4EFD-8020-67D146A850E0}, 6}) failed: Element not found. (0x490)
[8660:29044:1229/224421.018:ERROR:device_event_log_impl.cc(196)] [22:44:20.921] USB: usb_service_win.cc:105 SetupDiGetDeviceProperty({{A45C254E-DF1C-4EFD-8020-67D146A850E0}, 6}) failed: Element not found. (0x490)
[8660:29044:1229/225420.504:ERROR:device_event_log_impl.cc(196)] [22:54:20.440] USB: usb_service_win.cc:105 SetupDiGetDeviceProperty({{A45C254E-DF1C-4EFD-8020-67D146A850E0}, 6}) failed: Element not found. (0x490)
[8660:29044:1229/230420.061:ERROR:device_event_log_impl.cc(196)] [23:04:19.950] USB: usb_service_win.cc:105 SetupDiGetDeviceProperty({{A45C254E-DF1C-4EFD-8020-67D146A850E0}, 6}) failed: Element not found. (0x490)
[8660:29044:1229/231419.557:ERROR:device_event_log_impl.cc(196)] [23:14:19.449] USB: usb_service_win.cc:105 SetupDiGetDeviceProperty({{A45C254E-DF1C-4EFD-8020-67D146A850E0}, 6}) failed: Element not found. (0x490)
[8660:29044:1229/232419.001:ERROR:device_event_log_impl.cc(196)] [23:24:18.917] USB: usb_service_win.cc:105 SetupDiGetDeviceProperty({{A45C254E-DF1C-4EFD-8020-67D146A850E0}, 6}) failed: Element not found. (0x490)
[8660:29044:1229/233418.473:ERROR:device_event_log_impl.cc(196)] [23:34:18.408] USB: usb_service_win.cc:105 SetupDiGetDeviceProperty({{A45C254E-DF1C-4EFD-8020-67D146A850E0}, 6}) failed: Element not found. (0x490)
[8660:29044:1229/234418.011:ERROR:device_event_log_impl.cc(196)] [23:44:17.904] USB: usb_service_win.cc:105 SetupDiGetDeviceProperty({{A45C254E-DF1C-4EFD-8020-67D146A850E0}, 6}) failed: Element not found. (0x490)
[8660:29044:1229/235417.474:ERROR:device_event_log_impl.cc(196)] [23:54:17.391] USB: usb_service_win.cc:105 SetupDiGetDeviceProperty({{A45C254E-DF1C-4EFD-8020-67D146A850E0}, 6}) failed: Element not found. (0x490)
[8660:29044:1230/000416.998:ERROR:device_event_log_impl.cc(196)] [00:04:16.900] USB: usb_service_win.cc:105 SetupDiGetDeviceProperty({{A45C254E-DF1C-4EFD-8020-67D146A850E0}, 6}) failed: Element not found. (0x490)
[8660:29044:1230/001416.455:ERROR:device_event_log_impl.cc(196)] [00:14:16.361] USB: usb_service_win.cc:105 SetupDiGetDeviceProperty({{A45C254E-DF1C-4EFD-8020-67D146A850E0}, 6}) failed: Element not found. (0x490)
[8660:29044:1230/002415.958:ERROR:device_event_log_impl.cc(196)] [00:24:15.857] USB: usb_service_win.cc:105 SetupDiGetDeviceProperty({{A45C254E-DF1C-4EFD-8020-67D146A850E0}, 6}) failed: Element not found. (0x490)
[8660:29044:1230/003415.420:ERROR:device_event_log_impl.cc(196)] [00:34:15.342] USB: usb_service_win.cc:105 SetupDiGetDeviceProperty({{A45C254E-DF1C-4EFD-8020-67D146A850E0}, 6}) failed: Element not found. (0x490)
[8660:29044:1230/004414.946:ERROR:device_event_log_impl.cc(196)] [00:44:14.847] USB: usb_service_win.cc:105 SetupDiGetDeviceProperty({{A45C254E-DF1C-4EFD-8020-67D146A850E0}, 6}) failed: Element not found. (0x490)
[8660:29044:1230/005414.435:ERROR:device_event_log_impl.cc(196)] [00:54:14.350] USB: usb_service_win.cc:105 SetupDiGetDeviceProperty({{A45C254E-DF1C-4EFD-8020-67D146A850E0}, 6}) failed: Element not found. (0x490)
[8660:29044:1230/010413.950:ERROR:device_event_log_impl.cc(196)] [01:04:13.853] USB: usb_service_win.cc:105 SetupDiGetDeviceProperty({{A45C254E-DF1C-4EFD-8020-67D146A850E0}, 6}) failed: Element not found. (0x490)
[8660:29044:1230/011413.448:ERROR:device_event_log_impl.cc(196)] [01:14:13.361] USB: usb_service_win.cc:105 SetupDiGetDeviceProperty({{A45C254E-DF1C-4EFD-8020-67D146A850E0}, 6}) failed: Element not found. (0x490)
[8660:29044:1230/012412.885:ERROR:device_event_log_impl.cc(196)] [01:24:12.786] USB: usb_service_win.cc:105 SetupDiGetDeviceProperty({{A45C254E-DF1C-4EFD-8020-67D146A850E0}, 6}) failed: Element not found. (0x490)
[8660:29044:1230/013412.299:ERROR:device_event_log_impl.cc(196)] [01:34:12.240] USB: usb_service_win.cc:105 SetupDiGetDeviceProperty({{A45C254E-DF1C-4EFD-8020-67D146A850E0}, 6}) failed: Element not found. (0x490)
[8660:29044:1230/014411.839:ERROR:device_event_log_impl.cc(196)] [01:44:11.705] USB: usb_service_win.cc:105 SetupDiGetDeviceProperty({{A45C254E-DF1C-4EFD-8020-67D146A850E0}, 6}) failed: Element not found. (0x490)
[8660:29044:1230/015411.285:ERROR:device_event_log_impl.cc(196)] [01:54:11.193] USB: usb_service_win.cc:105 SetupDiGetDeviceProperty({{A45C254E-DF1C-4EFD-8020-67D146A850E0}, 6}) failed: Element not found. (0x490)
[8660:29044:1230/020410.792:ERROR:device_event_log_impl.cc(196)] [02:04:10.684] USB: usb_service_win.cc:105 SetupDiGetDeviceProperty({{A45C254E-DF1C-4EFD-8020-67D146A850E0}, 6}) failed: Element not found. (0x490)
[8660:29044:1230/021410.220:ERROR:device_event_log_impl.cc(196)] [02:14:10.136] USB: usb_service_win.cc:105 SetupDiGetDeviceProperty({{A45C254E-DF1C-4EFD-8020-67D146A850E0}, 6}) failed: Element not found. (0x490)
[8660:29044:1230/022409.716:ERROR:device_event_log_impl.cc(196)] [02:24:09.644] USB: usb_service_win.cc:105 SetupDiGetDeviceProperty({{A45C254E-DF1C-4EFD-8020-67D146A850E0}, 6}) failed: Element not found. (0x490)
[8660:29044:1230/023409.230:ERROR:device_event_log_impl.cc(196)] [02:34:09.123] USB: usb_service_win.cc:105 SetupDiGetDeviceProperty({{A45C254E-DF1C-4EFD-8020-67D146A850E0}, 6}) failed: Element not found. (0x490)
[8660:29044:1230/024408.744:ERROR:device_event_log_impl.cc(196)] [02:44:08.626] USB: usb_service_win.cc:105 SetupDiGetDeviceProperty({{A45C254E-DF1C-4EFD-8020-67D146A850E0}, 6}) failed: Element not found. (0x490)
[8660:29044:1230/025408.238:ERROR:device_event_log_impl.cc(196)] [02:54:08.151] USB: usb_service_win.cc:105 SetupDiGetDeviceProperty({{A45C254E-DF1C-4EFD-8020-67D146A850E0}, 6}) failed: Element not found. (0x490)
[8660:29044:1230/030407.752:ERROR:device_event_log_impl.cc(196)] [03:04:07.657] USB: usb_service_win.cc:105 SetupDiGetDeviceProperty({{A45C254E-DF1C-4EFD-8020-67D146A850E0}, 6}) failed: Element not found. (0x490)
[8660:29044:1230/031407.241:ERROR:device_event_log_impl.cc(196)] [03:14:07.129] USB: usb_service_win.cc:105 SetupDiGetDeviceProperty({{A45C254E-DF1C-4EFD-8020-67D146A850E0}, 6}) failed: Element not found. (0x490)
[8660:29044:1230/032406.738:ERROR:device_event_log_impl.cc(196)] [03:24:06.628] USB: usb_service_win.cc:105 SetupDiGetDeviceProperty({{A45C254E-DF1C-4EFD-8020-67D146A850E0}, 6}) failed: Element not found. (0x490)
[8660:29044:1230/033406.191:ERROR:device_event_log_impl.cc(196)] [03:34:06.104] USB: usb_service_win.cc:105 SetupDiGetDeviceProperty({{A45C254E-DF1C-4EFD-8020-67D146A850E0}, 6}) failed: Element not found. (0x490)
[8660:29044:1230/034405.639:ERROR:device_event_log_impl.cc(196)] [03:44:05.553] USB: usb_service_win.cc:105 SetupDiGetDeviceProperty({{A45C254E-DF1C-4EFD-8020-67D146A850E0}, 6}) failed: Element not found. (0x490)
[8660:20572:1230/034840.248:ERROR:cast_crl.cc(443)] CRL - Verification failed.
[8660:29044:1230/035405.098:ERROR:device_event_log_impl.cc(196)] [03:54:05.037] USB: usb_service_win.cc:105 SetupDiGetDeviceProperty({{A45C254E-DF1C-4EFD-8020-67D146A850E0}, 6}) failed: Element not found. (0x490)
[8660:29044:1230/040404.615:ERROR:device_event_log_impl.cc(196)] [04:04:04.530] USB: usb_service_win.cc:105 SetupDiGetDeviceProperty({{A45C254E-DF1C-4EFD-8020-67D146A850E0}, 6}) failed: Element not found. (0x490)
[8660:29044:1230/041404.138:ERROR:device_event_log_impl.cc(196)] [04:14:04.040] USB: usb_service_win.cc:105 SetupDiGetDeviceProperty({{A45C254E-DF1C-4EFD-8020-67D146A850E0}, 6}) failed: Element not found. (0x490)
[8660:29044:1230/042403.540:ERROR:device_event_log_impl.cc(196)] [04:24:03.475] USB: usb_service_win.cc:105 SetupDiGetDeviceProperty({{A45C254E-DF1C-4EFD-8020-67D146A850E0}, 6}) failed: Element not found. (0x490)
[8660:29044:1230/043403.084:ERROR:device_event_log_impl.cc(196)] [04:34:02.987] USB: usb_service_win.cc:105 SetupDiGetDeviceProperty({{A45C254E-DF1C-4EFD-8020-67D146A850E0}, 6}) failed: Element not found. (0x490)
[8660:29044:1230/044402.537:ERROR:device_event_log_impl.cc(196)] [04:44:02.473] USB: usb_service_win.cc:105 SetupDiGetDeviceProperty({{A45C254E-DF1C-4EFD-8020-67D146A850E0}, 6}) failed: Element not found. (0x490)
[8660:29044:1230/045401.994:ERROR:device_event_log_impl.cc(196)] [04:54:01.907] USB: usb_service_win.cc:105 SetupDiGetDeviceProperty({{A45C254E-DF1C-4EFD-8020-67D146A850E0}, 6}) failed: Element not found. (0x490)
[8660:29044:1230/050401.455:ERROR:device_event_log_impl.cc(196)] [05:04:01.356] USB: usb_service_win.cc:105 SetupDiGetDeviceProperty({{A45C254E-DF1C-4EFD-8020-67D146A850E0}, 6}) failed: Element not found. (0x490)
[8660:29044:1230/051400.930:ERROR:device_event_log_impl.cc(196)] [05:14:00.834] USB: usb_service_win.cc:105 SetupDiGetDeviceProperty({{A45C254E-DF1C-4EFD-8020-67D146A850E0}, 6}) failed: Element not found. (0x490)
[8660:29044:1230/052400.439:ERROR:device_event_log_impl.cc(196)] [05:24:00.346] USB: usb_service_win.cc:105 SetupDiGetDeviceProperty({{A45C254E-DF1C-4EFD-8020-67D146A850E0}, 6}) failed: Element not found. (0x490)
[8660:29044:1230/053359.886:ERROR:device_event_log_impl.cc(196)] [05:33:59.799] USB: usb_service_win.cc:105 SetupDiGetDeviceProperty({{A45C254E-DF1C-4EFD-8020-67D146A850E0}, 6}) failed: Element not found. (0x490)
[8660:29044:1230/054359.394:ERROR:device_event_log_impl.cc(196)] [05:43:59.284] USB: usb_service_win.cc:105 SetupDiGetDeviceProperty({{A45C254E-DF1C-4EFD-8020-67D146A850E0}, 6}) failed: Element not found. (0x490)
[8660:29044:1230/055358.829:ERROR:device_event_log_impl.cc(196)] [05:53:58.764] USB: usb_service_win.cc:105 SetupDiGetDeviceProperty({{A45C254E-DF1C-4EFD-8020-67D146A850E0}, 6}) failed: Element not found. (0x490)
[8660:29044:1230/060358.358:ERROR:device_event_log_impl.cc(196)] [06:03:58.260] USB: usb_service_win.cc:105 SetupDiGetDeviceProperty({{A45C254E-DF1C-4EFD-8020-67D146A850E0}, 6}) failed: Element not found. (0x490)
[8660:29044:1230/061357.881:ERROR:device_event_log_impl.cc(196)] [06:13:57.777] USB: usb_service_win.cc:105 SetupDiGetDeviceProperty({{A45C254E-DF1C-4EFD-8020-67D146A850E0}, 6}) failed: Element not found. (0x490)
[8660:29044:1230/062357.397:ERROR:device_event_log_impl.cc(196)] [06:23:57.304] USB: usb_service_win.cc:105 SetupDiGetDeviceProperty({{A45C254E-DF1C-4EFD-8020-67D146A850E0}, 6}) failed: Element not found. (0x490)
[8660:29044:1230/063356.850:ERROR:device_event_log_impl.cc(196)] [06:33:56.761] USB: usb_service_win.cc:105 SetupDiGetDeviceProperty({{A45C254E-DF1C-4EFD-8020-67D146A850E0}, 6}) failed: Element not found. (0x490)
[8660:29044:1230/064356.310:ERROR:device_event_log_impl.cc(196)] [06:43:56.241] USB: usb_service_win.cc:105 SetupDiGetDeviceProperty({{A45C254E-DF1C-4EFD-8020-67D146A850E0}, 6}) failed: Element not found. (0x490)
[8660:29044:1230/065355.838:ERROR:device_event_log_impl.cc(196)] [06:53:55.742] USB: usb_service_win.cc:105 SetupDiGetDeviceProperty({{A45C254E-DF1C-4EFD-8020-67D146A850E0}, 6}) failed: Element not found. (0x490)
[8660:29044:1230/070355.350:ERROR:device_event_log_impl.cc(196)] [07:03:55.266] USB: usb_service_win.cc:105 SetupDiGetDeviceProperty({{A45C254E-DF1C-4EFD-8020-67D146A850E0}, 6}) failed: Element not found. (0x490)
[8660:29044:1230/071354.784:ERROR:device_event_log_impl.cc(196)] [07:13:54.707] USB: usb_service_win.cc:105 SetupDiGetDeviceProperty({{A45C254E-DF1C-4EFD-8020-67D146A850E0}, 6}) failed: Element not found. (0x490)
[8660:29044:1230/072354.303:ERROR:device_event_log_impl.cc(196)] [07:23:54.199] USB: usb_service_win.cc:105 SetupDiGetDeviceProperty({{A45C254E-DF1C-4EFD-8020-67D146A850E0}, 6}) failed: Element not found. (0x490)
[8660:29044:1230/073353.751:ERROR:device_event_log_impl.cc(196)] [07:33:53.656] USB: usb_service_win.cc:105 SetupDiGetDeviceProperty({{A45C254E-DF1C-4EFD-8020-67D146A850E0}, 6}) failed: Element not found. (0x490)
[8660:29044:1230/074353.206:ERROR:device_event_log_impl.cc(196)] [07:43:53.121] USB: usb_service_win.cc:105 SetupDiGetDeviceProperty({{A45C254E-DF1C-4EFD-8020-67D146A850E0}, 6}) failed: Element not found. (0x490)
[8660:29044:1230/075352.651:ERROR:device_event_log_impl.cc(196)] [07:53:52.579] USB: usb_service_win.cc:105 SetupDiGetDeviceProperty({{A45C254E-DF1C-4EFD-8020-67D146A850E0}, 6}) failed: Element not found. (0x490)
[8660:29044:1230/080352.127:ERROR:device_event_log_impl.cc(196)] [08:03:52.034] USB: usb_service_win.cc:105 SetupDiGetDeviceProperty({{A45C254E-DF1C-4EFD-8020-67D146A850E0}, 6}) failed: Element not found. (0x490)
[8660:29044:1230/081351.620:ERROR:device_event_log_impl.cc(196)] [08:13:51.535] USB: usb_service_win.cc:105 SetupDiGetDeviceProperty({{A45C254E-DF1C-4EFD-8020-67D146A850E0}, 6}) failed: Element not found. (0x490)
[8660:29044:1230/082351.071:ERROR:device_event_log_impl.cc(196)] [08:23:50.973] USB: usb_service_win.cc:105 SetupDiGetDeviceProperty({{A45C254E-DF1C-4EFD-8020-67D146A850E0}, 6}) failed: Element not found. (0x490)
[8660:29044:1230/083350.446:ERROR:device_event_log_impl.cc(196)] [08:33:50.385] USB: usb_service_win.cc:105 SetupDiGetDeviceProperty({{A45C254E-DF1C-4EFD-8020-67D146A850E0}, 6}) failed: Element not found. (0x490)
[8660:29044:1230/084349.979:ERROR:device_event_log_impl.cc(196)] [08:43:49.875] USB: usb_service_win.cc:105 SetupDiGetDeviceProperty({{A45C254E-DF1C-4EFD-8020-67D146A850E0}, 6}) failed: Element not found. (0x490)
[8660:29044:1230/085349.451:ERROR:device_event_log_impl.cc(196)] [08:53:49.346] USB: usb_service_win.cc:105 SetupDiGetDeviceProperty({{A45C254E-DF1C-4EFD-8020-67D146A850E0}, 6}) failed: Element not found. (0x490)
[8660:29044:1230/090348.889:ERROR:device_event_log_impl.cc(196)] [09:03:48.788] USB: usb_service_win.cc:105 SetupDiGetDeviceProperty({{A45C254E-DF1C-4EFD-8020-67D146A850E0}, 6}) failed: Element not found. (0x490)
[8660:29044:1230/091348.289:ERROR:device_event_log_impl.cc(196)] [09:13:48.228] USB: usb_service_win.cc:105 SetupDiGetDeviceProperty({{A45C254E-DF1C-4EFD-8020-67D146A850E0}, 6}) failed: Element not found. (0x490)
[8660:29044:1230/091540.382:ERROR:device_event_log_impl.cc(196)] [09:15:40.361] USB: usb_service_win.cc:105 SetupDiGetDeviceProperty({{A45C254E-DF1C-4EFD-8020-67D146A850E0}, 6}) failed: Element not found. (0x490)
[8660:29044:1230/091636.744:ERROR:device_event_log_impl.cc(196)] [09:16:36.469] USB: usb_service_win.cc:105 SetupDiGetDeviceProperty({{A45C254E-DF1C-4EFD-8020-67D146A850E0}, 6}) failed: Element not found. (0x490)
[8660:29044:1230/092347.770:ERROR:device_event_log_impl.cc(196)] [09:23:47.688] USB: usb_service_win.cc:105 SetupDiGetDeviceProperty({{A45C254E-DF1C-4EFD-8020-67D146A850E0}, 6}) failed: Element not found. (0x490)
[8660:29044:1230/093347.225:ERROR:device_event_log_impl.cc(196)] [09:33:47.134] USB: usb_service_win.cc:105 SetupDiGetDeviceProperty({{A45C254E-DF1C-4EFD-8020-67D146A850E0}, 6}) failed: Element not found. (0x490)
[8660:29044:1230/094346.698:ERROR:device_event_log_impl.cc(196)] [09:43:46.602] USB: usb_service_win.cc:105 SetupDiGetDeviceProperty({{A45C254E-DF1C-4EFD-8020-67D146A850E0}, 6}) failed: Element not found. (0x490)
[8660:29044:1230/095346.145:ERROR:device_event_log_impl.cc(196)] [09:53:46.032] USB: usb_service_win.cc:105 SetupDiGetDeviceProperty({{A45C254E-DF1C-4EFD-8020-67D146A850E0}, 6}) failed: Element not found. (0x490)
[8660:29044:1230/100345.603:ERROR:device_event_log_impl.cc(196)] [10:03:45.504] USB: usb_service_win.cc:105 SetupDiGetDeviceProperty({{A45C254E-DF1C-4EFD-8020-67D146A850E0}, 6}) failed: Element not found. (0x490)
[8660:29044:1230/101133.557:ERROR:device_event_log_impl.cc(196)] [10:11:33.266] USB: usb_service_win.cc:105 SetupDiGetDeviceProperty({{A45C254E-DF1C-4EFD-8020-67D146A850E0}, 6}) failed: Element not found. (0x490)
[8660:29044:1230/101345.081:ERROR:device_event_log_impl.cc(196)] [10:13:44.997] USB: usb_service_win.cc:105 SetupDiGetDeviceProperty({{A45C254E-DF1C-4EFD-8020-67D146A850E0}, 6}) failed: Element not found. (0x490)
[8660:29044:1230/101357.031:ERROR:device_event_log_impl.cc(196)] [10:13:56.723] USB: usb_service_win.cc:105 SetupDiGetDeviceProperty({{A45C254E-DF1C-4EFD-8020-67D146A850E0}, 6}) failed: Element not found. (0x490)
[8660:29044:1230/102344.481:ERROR:device_event_log_impl.cc(196)] [10:23:44.418] USB: usb_service_win.cc:105 SetupDiGetDeviceProperty({{A45C254E-DF1C-4EFD-8020-67D146A850E0}, 6}) failed: Element not found. (0x490)
[8660:29044:1230/103343.936:ERROR:device_event_log_impl.cc(196)] [10:33:43.857] USB: usb_service_win.cc:105 SetupDiGetDeviceProperty({{A45C254E-DF1C-4EFD-8020-67D146A850E0}, 6}) failed: Element not found. (0x490)
[8660:29044:1230/104343.393:ERROR:device_event_log_impl.cc(196)] [10:43:43.316] USB: usb_service_win.cc:105 SetupDiGetDeviceProperty({{A45C254E-DF1C-4EFD-8020-67D146A850E0}, 6}) failed: Element not found. (0x490)
[8660:29044:1230/104532.204:ERROR:device_event_log_impl.cc(196)] [10:45:31.877] USB: usb_service_win.cc:105 SetupDiGetDeviceProperty({{A45C254E-DF1C-4EFD-8020-67D146A850E0}, 6}) failed: Element not found. (0x490)
[8660:29044:1230/105342.817:ERROR:device_event_log_impl.cc(196)] [10:53:42.731] USB: usb_service_win.cc:105 SetupDiGetDeviceProperty({{A45C254E-DF1C-4EFD-8020-67D146A850E0}, 6}) failed: Element not found. (0x490)
[8660:29044:1230/105444.505:ERROR:device_event_log_impl.cc(196)] [10:54:44.280] USB: usb_service_win.cc:105 SetupDiGetDeviceProperty({{A45C254E-DF1C-4EFD-8020-67D146A850E0}, 6}) failed: Element not found. (0x490)
[8660:29044:1230/110341.997:ERROR:device_event_log_impl.cc(196)] [11:03:41.938] USB: usb_service_win.cc:105 SetupDiGetDeviceProperty({{A45C254E-DF1C-4EFD-8020-67D146A850E0}, 6}) failed: Element not found. (0x490)
[8660:29044:1230/111341.467:ERROR:device_event_log_impl.cc(196)] [11:13:41.394] USB: usb_service_win.cc:105 SetupDiGetDeviceProperty({{A45C254E-DF1C-4EFD-8020-67D146A850E0}, 6}) failed: Element not found. (0x490)
[8660:29044:1230/111717.904:WARNING:pref_notifier_impl.cc(41)] Pref observer for media_router.cast_allow_all_ips found at shutdown.
